[0706/175744.347:ERROR:process_memory_win.cc(73)] ReadMemory at 0x227dae30000 of 64 bytes failed: Only part of a ReadProcessMemory or WriteProcessMemory request was completed. (0x12B)
[0706/175745.839:WARNING:pe_image_reader.cc(340)] could not read dos header from C:\WINDOWS\System32\advapi32.dll
[0706/175746.078:ERROR:process_memory_win.cc(73)] ReadMemory at 0x7ffc3a280000 of 64 bytes failed: Only part of a ReadProcessMemory or WriteProcessMemory request was completed. (0x12B)
[0706/175746.078:WARNING:pe_image_reader.cc(340)] could not read dos header from C:\WINDOWS\System32\profapi.dll
[0706/175746.079:ERROR:process_memory_win.cc(73)] ReadMemory at 0x7ffc3a2b0000 of 64 bytes failed: Only part of a ReadProcessMemory or WriteProcessMemory request was completed. (0x12B)
[0706/175746.998:WARNING:pe_image_reader.cc(340)] could not read dos header from C:\WINDOWS\System32\powrprof.dll
[0706/175746.998:ERROR:process_memory_win.cc(73)] ReadMemory at 0x7ffc3c970000 of 64 bytes failed: Only part of a ReadProcessMemory or WriteProcessMemory request was completed. (0x12B)
[0706/175746.998:WARNING:pe_image_reader.cc(340)] could not read dos header from C:\WINDOWS\System32\shlwapi.dll
[0706/175746.998:ERROR:process_memory_win.cc(73)] ReadMemory at 0x7ffc3bb30000 of 64 bytes failed: Only part of a ReadProcessMemory or WriteProcessMemory request was completed. (0x12B)
[0706/175746.998:WARNING:pe_image_reader.cc(340)] could not read dos header from C:\WINDOWS\System32\GDI32.dll
[0706/175746.998:ERROR:process_memory_win.cc(73)] ReadMemory at 0x7ffc3b0e0000 of 64 bytes failed: Only part of a ReadProcessMemory or WriteProcessMemory request was completed. (0x12B)
[0706/175746.998:WARNING:pe_image_reader.cc(340)] could not read dos header from C:\WINDOWS\System32\gdi32full.dll
[0706/175746.998:ERROR:process_memory_win.cc(73)] ReadMemory at 0x7ffc3b470000 of 64 bytes failed: Only part of a ReadProcessMemory or WriteProcessMemory request was completed. (0x12B)
[0706/175746.998:WARNING:pe_image_reader.cc(340)] could not read dos header from C:\WINDOWS\System32\USER32.dll
[0706/175746.998:ERROR:process_memory_win.cc(73)] ReadMemory at 0x7ffc3b280000 of 64 bytes failed: Only part of a ReadProcessMemory or WriteProcessMemory request was completed. (0x12B)
[0706/175746.999:WARNING:pe_image_reader.cc(340)] could not read dos header from C:\WINDOWS\System32\win32u.dll
[0706/175746.999:ERROR:process_memory_win.cc(73)] ReadMemory at 0x7ffc3a260000 of 64 bytes failed: Only part of a ReadProcessMemory or WriteProcessMemory request was completed. (0x12B)
[0706/175746.999:WARNING:pe_image_reader.cc(340)] could not read dos header from C:\WINDOWS\System32\kernel.appcore.dll
[0706/175746.999:ERROR:process_memory_win.cc(73)] ReadMemory at 0x7ffc3a690000 of 64 bytes failed: Only part of a ReadProcessMemory or WriteProcessMemory request was completed. (0x12B)
[0706/175746.999:WARNING:pe_image_reader.cc(340)] could not read dos header from C:\WINDOWS\System32\cryptsp.dll
[0706/175746.999:ERROR:process_memory_win.cc(73)] ReadMemory at 0x7ffc1fd30000 of 64 bytes failed: Only part of a ReadProcessMemory or WriteProcessMemory request was completed. (0x12B)
[0706/175746.999:WARNING:pe_image_reader.cc(340)] could not read dos header from C:\Program Files (x86)\Google\Chrome\Application\75.0.3770.100\chrome_elf.dll
[0706/175746.999:ERROR:process_memory_win.cc(73)] ReadMemory at 0x7ffc331f0000 of 64 bytes failed: Only part of a ReadProcessMemory or WriteProcessMemory request was completed. (0x12B)
[0706/175746.999:WARNING:pe_image_reader.cc(340)] could not read dos header from C:\WINDOWS\SYSTEM32\VERSION.dll
[0706/175746.999:ERROR:process_memory_win.cc(73)] ReadMemory at 0x7ffc348e0000 of 64 bytes failed: Only part of a ReadProcessMemory or WriteProcessMemory request was completed. (0x12B)
[0706/175746.999:WARNING:pe_image_reader.cc(340)] could not read dos header from C:\WINDOWS\SYSTEM32\WINMM.dll
[0706/175746.999:ERROR:process_memory_win.cc(73)] ReadMemory at 0x7ffc3a140000 of 64 bytes failed: Only part of a ReadProcessMemory or WriteProcessMemory request was completed. (0x12B)
[0706/175746.999:WARNING:pe_image_reader.cc(340)] could not read dos header from C:\WINDOWS\SYSTEM32\USERENV.dll
[0706/175746.999:ERROR:process_memory_win.cc(73)] ReadMemory at 0x7ffc348b0000 of 64 bytes failed: Only part of a ReadProcessMemory or WriteProcessMemory request was completed. (0x12B)
[0706/175746.999:WARNING:pe_image_reader.cc(340)] could not read dos header from C:\WINDOWS\SYSTEM32\WINMMBASE.dll
[0706/175746.999:ERROR:process_memory_win.cc(73)] ReadMemory at 0x7ffc39c90000 of 64 bytes failed: Only part of a ReadProcessMemory or WriteProcessMemory request was completed. (0x12B)
[0706/175746.999:WARNING:pe_image_reader.cc(340)] could not read dos header from C:\WINDOWS\SYSTEM32\CRYPTBASE.DLL
[0706/175746.999:ERROR:process_memory_win.cc(73)] ReadMemory at 0x7ffc3bbc0000 of 64 bytes failed: Only part of a ReadProcessMemory or WriteProcessMemory request was completed. (0x12B)
[0706/175746.999:WARNING:pe_image_reader.cc(340)] could not read dos header from C:\WINDOWS\System32\IMM32.DLL
[0706/175746.999:ERROR:process_memory_win.cc(73)] ReadMemory at 0x7ffbe2380000 of 64 bytes failed: Only part of a ReadProcessMemory or WriteProcessMemory request was completed. (0x12B)
[0706/175746.999:WARNING:pe_image_reader.cc(340)] could not read dos header from C:\Program Files (x86)\Google\Chrome\Application\75.0.3770.100\chrome_child.dll
[0706/175746.999:ERROR:process_memory_win.cc(73)] ReadMemory at 0x7ffc3c700000 of 64 bytes failed: Only part of a ReadProcessMemory or WriteProcessMemory request was completed. (0x12B)
[0706/175747.000:WARNING:pe_image_reader.cc(340)] could not read dos header from C:\WINDOWS\System32\WS2_32.dll
[0706/175747.000:ERROR:process_memory_win.cc(73)] ReadMemory at 0x7ffc3ca50000 of 64 bytes failed: Only part of a ReadProcessMemory or WriteProcessMemory request was completed. (0x12B)
[0706/175747.000:WARNING:pe_image_reader.cc(340)] could not read dos header from C:\WINDOWS\System32\ole32.dll
[0706/175747.000:ERROR:process_memory_win.cc(73)] ReadMemory at 0x7ffc3c8a0000 of 64 bytes failed: Only part of a ReadProcessMemory or WriteProcessMemory request was completed. (0x12B)
[0706/175747.000:WARNING:pe_image_reader.cc(340)] could not read dos header from C:\WINDOWS\System32\OLEAUT32.dll
[0706/175747.000:ERROR:process_memory_win.cc(73)] ReadMemory at 0x7ffc3a310000 of 64 bytes failed: Only part of a ReadProcessMemory or WriteProcessMemory request was completed. (0x12B)
[0706/175747.000:WARNING:pe_image_reader.cc(340)] could not read dos header from C:\WINDOWS\System32\WINTRUST.dll
[0706/175747.000:ERROR:process_memory_win.cc(73)] ReadMemory at 0x7ffc3a240000 of 64 bytes failed: Only part of a ReadProcessMemory or WriteProcessMemory request was completed. (0x12B)
[0706/175747.000:WARNING:pe_image_reader.cc(340)] could not read dos header from C:\WINDOWS\System32\MSASN1.dll
[0706/175747.000:ERROR:process_memory_win.cc(73)] ReadMemory at 0x7ffc3a6b0000 of 64 bytes failed: Only part of a ReadProcessMemory or WriteProcessMemory request was completed. (0x12B)
[0706/175747.000:WARNING:pe_image_reader.cc(340)] could not read dos header from C:\WINDOWS\System32\CRYPT32.dll
[0706/175747.000:ERROR:process_memory_win.cc(73)] ReadMemory at 0x7ffc3c070000 of 64 bytes failed: Only part of a ReadProcessMemory or WriteProcessMemory request was completed. (0x12B)
[0706/175747.000:WARNING:pe_image_reader.cc(340)] could not read dos header from C:\WINDOWS\System32\COMDLG32.dll
[0706/175747.000:ERROR:process_memory_win.cc(73)] ReadMemory at 0x7ffc39820000 of 64 bytes failed: Only part of a ReadProcessMemory or WriteProcessMemory request was completed. (0x12B)
[0706/175747.000:WARNING:pe_image_reader.cc(340)] could not read dos header from C:\WINDOWS\SYSTEM32\IPHLPAPI.DLL
[0706/175747.000:ERROR:process_memory_win.cc(73)] ReadMemory at 0x7ffc27f60000 of 64 bytes failed: Only part of a ReadProcessMemory or WriteProcessMemory request was completed. (0x12B)
[0706/175747.000:WARNING:pe_image_reader.cc(340)] could not read dos header from C:\WINDOWS\SYSTEM32\OLEACC.dll
[0706/175747.000:ERROR:process_memory_win.cc(73)] ReadMemory at 0x7ffc0ce80000 of 64 bytes failed: Only part of a ReadProcessMemory or WriteProcessMemory request was completed. (0x12B)
[0706/175747.000:WARNING:pe_image_reader.cc(340)] could not read dos header from C:\WINDOWS\SYSTEM32\UIAutomationCore.DLL
[0706/175747.000:ERROR:process_memory_win.cc(73)] ReadMemory at 0x7ffc38de0000 of 64 bytes failed: Only part of a ReadProcessMemory or WriteProcessMemory request was completed. (0x12B)
[0706/175747.000:WARNING:pe_image_reader.cc(340)] could not read dos header from C:\WINDOWS\SYSTEM32\WTSAPI32.dll
[0706/175747.000:ERROR:process_memory_win.cc(73)] ReadMemory at 0x7ffc1c260000 of 64 bytes failed: Only part of a ReadProcessMemory or WriteProcessMemory request was completed. (0x12B)
[0706/175747.000:WARNING:pe_image_reader.cc(340)] could not read dos header from C:\WINDOWS\SYSTEM32\DWrite.dll
[0706/175747.000:ERROR:process_memory_win.cc(73)] ReadMemory at 0x7ffc38fc0000 of 64 bytes failed: Only part of a ReadProcessMemory or WriteProcessMemory request was completed. (0x12B)
[0706/175747.000:WARNING:pe_image_reader.cc(340)] could not read dos header from C:\WINDOWS\SYSTEM32\dxgi.dll
[0706/175747.000:ERROR:process_memory_win.cc(73)] ReadMemory at 0x7ffc34af0000 of 64 bytes failed: Only part of a ReadProcessMemory or WriteProcessMemory request was completed. (0x12B)
[0706/175747.000:WARNING:pe_image_reader.cc(340)] could not read dos header from C:\WINDOWS\SYSTEM32\WINSPOOL.DRV
[0706/175747.000:ERROR:process_memory_win.cc(73)] ReadMemory at 0x7ffc3b2a0000 of 64 bytes failed: Only part of a ReadProcessMemory or WriteProcessMemory request was completed. (0x12B)
[0706/175747.001:WARNING:pe_image_reader.cc(340)] could not read dos header from C:\WINDOWS\System32\bcrypt.dll
[0706/175747.001:ERROR:process_memory_win.cc(73)] ReadMemory at 0x7ffc38bf0000 of 64 bytes failed: Only part of a ReadProcessMemory or WriteProcessMemory request was completed. (0x12B)
[0706/175747.001:WARNING:pe_image_reader.cc(340)] could not read dos header from C:\WINDOWS\SYSTEM32\dbghelp.dll
[0706/175747.001:ERROR:process_memory_win.cc(73)] ReadMemory at 0x7ffc1abe0000 of 64 bytes failed: Only part of a ReadProcessMemory or WriteProcessMemory request was completed. (0x12B)
[0706/175747.001:WARNING:pe_image_reader.cc(340)] could not read dos header from C:\WINDOWS\WinSxS\amd64_microsoft.windows.common-controls_6595b64144ccf1df_6.0.17763.557_none_05b63f68071e5b9f\COMCTL32.dll
[0706/175747.001:ERROR:process_memory_win.cc(73)] ReadMemory at 0x7ffc1a050000 of 64 bytes failed: Only part of a ReadProcessMemory or WriteProcessMemory request was completed. (0x12B)
[0706/175747.001:WARNING:pe_image_reader.cc(340)] could not read dos header from C:\WINDOWS\SYSTEM32\USP10.dll
[0706/175747.001:ERROR:process_memory_win.cc(73)] ReadMemory at 0x7ffc35620000 of 64 bytes failed: Only part of a ReadProcessMemory or WriteProcessMemory request was completed. (0x12B)
[0706/175747.001:WARNING:pe_image_reader.cc(340)] could not read dos header from C:\WINDOWS\SYSTEM32\WINHTTP.dll
[0706/175747.001:ERROR:process_memory_win.cc(73)] ReadMemory at 0x7ffc2a260000 of 64 bytes failed: Only part of a ReadProcessMemory or WriteProcessMemory request was completed. (0x12B)
[0706/175747.001:WARNING:pe_image_reader.cc(340)] could not read dos header from C:\WINDOWS\SYSTEM32\urlmon.dll
[0706/175747.001:ERROR:process_memory_win.cc(73)] ReadMemory at 0x7ffc29310000 of 64 bytes failed: Only part of a ReadProcessMemory or WriteProcessMemory request was completed. (0x12B)
[0706/175747.001:WARNING:pe_image_reader.cc(340)] could not read dos header from C:\WINDOWS\SYSTEM32\Secur32.dll
[0706/175747.001:ERROR:process_memory_win.cc(73)] ReadMemory at 0x7ffc389b0000 of 64 bytes failed: Only part of a ReadProcessMemory or WriteProcessMemory request was completed. (0x12B)
[0706/175747.001:WARNING:pe_image_reader.cc(340)] could not read dos header from C:\WINDOWS\SYSTEM32\dhcpcsvc.DLL
[0706/175747.001:ERROR:process_memory_win.cc(73)] ReadMemory at 0x7ffc3c890000 of 64 bytes failed: Only part of a ReadProcessMemory or WriteProcessMemory request was completed. (0x12B)
[0706/175747.001:WARNING:pe_image_reader.cc(340)] could not read dos header from C:\WINDOWS\System32\NSI.dll
[0706/175747.001:ERROR:process_memory_win.cc(73)] ReadMemory at 0x7ffc2beb0000 of 64 bytes failed: Only part of a ReadProcessMemory or WriteProcessMemory request was completed. (0x12B)
[0706/175747.001:WARNING:pe_image_reader.cc(340)] could not read dos header from C:\WINDOWS\SYSTEM32\Bcp47Langs.dll
[0706/175747.001:ERROR:process_memory_win.cc(73)] ReadMemory at 0x7ffc38770000 of 64 bytes failed: Only part of a ReadProcessMemory or WriteProcessMemory request was completed. (0x12B)
[0706/175747.001:WARNING:pe_image_reader.cc(340)] could not read dos header from C:\WINDOWS\SYSTEM32\PROPSYS.dll
[0706/175747.001:ERROR:process_memory_win.cc(73)] ReadMemory at 0x7ffc2a700000 of 64 bytes failed: Only part of a ReadProcessMemory or WriteProcessMemory request was completed. (0x12B)
[0706/175747.001:WARNING:pe_image_reader.cc(340)] could not read dos header from C:\WINDOWS\SYSTEM32\iertutil.dll
[0706/175747.001:ERROR:process_memory_win.cc(73)] ReadMemory at 0x7ffc3a170000 of 64 bytes failed: Only part of a ReadProcessMemory or WriteProcessMemory request was completed. (0x12B)
[0706/175747.001:WARNING:pe_image_reader.cc(340)] could not read dos header from C:\WINDOWS\SYSTEM32\SSPICLI.DLL
[0706/175747.661:ERROR:process_memory_win.cc(73)] ReadMemory at 0xc19fdf0000 of 65536 bytes failed: Only part of a ReadProcessMemory or WriteProcessMemory request was completed. (0x12B)
[0706/175747.661:ERROR:process_memory_win.cc(73)] ReadMemory at 0xc19fffd000 of 12288 bytes failed: Only part of a ReadProcessMemory or WriteProcessMemory request was completed. (0x12B)
[0706/175747.661:ERROR:process_memory_win.cc(73)] ReadMemory at 0xc1a03fc000 of 16384 bytes failed: Only part of a ReadProcessMemory or WriteProcessMemory request was completed. (0x12B)
[0706/175747.662:ERROR:process_memory_win.cc(73)] ReadMemory at 0xc1a05fc000 of 16384 bytes failed: Only part of a ReadProcessMemory or WriteProcessMemory request was completed. (0x12B)
[0706/175747.662:ERROR:process_memory_win.cc(73)] ReadMemory at 0xc1a07ff000 of 4096 bytes failed: Only part of a ReadProcessMemory or WriteProcessMemory request was completed. (0x12B)
[0706/175747.662:ERROR:process_memory_win.cc(73)] ReadMemory at 0xc1a09fd000 of 12288 bytes failed: Only part of a ReadProcessMemory or WriteProcessMemory request was completed. (0x12B)
[0706/175747.662:ERROR:process_memory_win.cc(73)] ReadMemory at 0xc1a0bfb000 of 20480 bytes failed: Only part of a ReadProcessMemory or WriteProcessMemory request was completed. (0x12B)
[0706/175747.662:ERROR:process_memory_win.cc(73)] ReadMemory at 0xc1a0df6000 of 40960 bytes failed: Only part of a ReadProcessMemory or WriteProcessMemory request was completed. (0x12B)
[0706/175747.662:ERROR:process_memory_win.cc(73)] ReadMemory at 0xc1a0ff7000 of 36864 bytes failed: Only part of a ReadProcessMemory or WriteProcessMemory request was completed. (0x12B)
[0706/175747.663:ERROR:process_memory_win.cc(73)] ReadMemory at 0xc1a11fd000 of 12288 bytes failed: Only part of a ReadProcessMemory or WriteProcessMemory request was completed. (0x12B)
[0706/175747.663:ERROR:process_memory_win.cc(73)] ReadMemory at 0xc1a01fd000 of 12288 bytes failed: Only part of a ReadProcessMemory or WriteProcessMemory request was completed. (0x12B)
[0706/175747.663:ERROR:process_memory_win.cc(73)] ReadMemory at 0xc1a13fc000 of 16384 bytes failed: Only part of a ReadProcessMemory or WriteProcessMemory request was completed. (0x12B)
[0706/175747.663:ERROR:process_memory_win.cc(73)] ReadMemory at 0xc1a15fc000 of 16384 bytes failed: Only part of a ReadProcessMemory or WriteProcessMemory request was completed. (0x12B)
[0706/175747.663:ERROR:process_memory_win.cc(73)] ReadMemory at 0xc1a17fc000 of 16384 bytes failed: Only part of a ReadProcessMemory or WriteProcessMemory request was completed. (0x12B)
[0706/175747.663:ERROR:process_memory_win.cc(73)] ReadMemory at 0xc1a19fe000 of 8192 bytes failed: Only part of a ReadProcessMemory or WriteProcessMemory request was completed. (0x12B)
[0706/175747.664:ERROR:process_memory_win.cc(73)] ReadMemory at 0xc19fb53000 of 852 bytes failed: Only part of a ReadProcessMemory or WriteProcessMemory request was completed. (0x12B)
[0706/175747.664:ERROR:process_memory_win.cc(73)] ReadMemory at 0xc19fb54000 of 6024 bytes failed: Only part of a ReadProcessMemory or WriteProcessMemory request was completed. (0x12B)
[0706/175747.664:ERROR:process_memory_win.cc(73)] ReadMemory at 0xc19fb56000 of 6024 bytes failed: Only part of a ReadProcessMemory or WriteProcessMemory request was completed. (0x12B)
[0706/175747.664:ERROR:process_memory_win.cc(73)] ReadMemory at 0xc19fb5a000 of 6024 bytes failed: Only part of a ReadProcessMemory or WriteProcessMemory request was completed. (0x12B)
[0706/175747.664:ERROR:process_memory_win.cc(73)] ReadMemory at 0xc19fb5c000 of 6024 bytes failed: Only part of a ReadProcessMemory or WriteProcessMemory request was completed. (0x12B)
[0706/175747.664:ERROR:process_memory_win.cc(73)] ReadMemory at 0xc19fb5e000 of 6024 bytes failed: Only part of a ReadProcessMemory or WriteProcessMemory request was completed. (0x12B)
[0706/175747.665:ERROR:process_memory_win.cc(73)] ReadMemory at 0xc19fb60000 of 6024 bytes failed: Only part of a ReadProcessMemory or WriteProcessMemory request was completed. (0x12B)
[0706/175747.665:ERROR:process_memory_win.cc(73)] ReadMemory at 0xc19fb62000 of 6024 bytes failed: Only part of a ReadProcessMemory or WriteProcessMemory request was completed. (0x12B)
[0706/175747.665:ERROR:process_memory_win.cc(73)] ReadMemory at 0xc19fb64000 of 6024 bytes failed: Only part of a ReadProcessMemory or WriteProcessMemory request was completed. (0x12B)
[0706/175747.665:ERROR:process_memory_win.cc(73)] ReadMemory at 0xc19fb66000 of 6024 bytes failed: Only part of a ReadProcessMemory or WriteProcessMemory request was completed. (0x12B)
[0706/175747.665:ERROR:process_memory_win.cc(73)] ReadMemory at 0xc19fb68000 of 6024 bytes failed: Only part of a ReadProcessMemory or WriteProcessMemory request was completed. (0x12B)
[0706/175747.665:ERROR:process_memory_win.cc(73)] ReadMemory at 0xc19fb70000 of 6024 bytes failed: Only part of a ReadProcessMemory or WriteProcessMemory request was completed. (0x12B)
[0706/175747.665:ERROR:process_memory_win.cc(73)] ReadMemory at 0xc19fbb6000 of 6024 bytes failed: Only part of a ReadProcessMemory or WriteProcessMemory request was completed. (0x12B)
[0706/175747.666:ERROR:process_memory_win.cc(73)] ReadMemory at 0xc19fbbc000 of 6024 bytes failed: Only part of a ReadProcessMemory or WriteProcessMemory request was completed. (0x12B)
[0706/175747.666:ERROR:process_memory_win.cc(73)] ReadMemory at 0xc19fbbe000 of 6024 bytes failed: Only part of a ReadProcessMemory or WriteProcessMemory request was completed. (0x12B)
[0706/175747.666:ERROR:process_memory_win.cc(73)] ReadMemory at 0xc19fbc0000 of 6024 bytes failed: Only part of a ReadProcessMemory or WriteProcessMemory request was completed. (0x12B)
[0706/175747.666:ERROR:process_memory_win.cc(73)] ReadMemory at 0x227dad30000 of 384 bytes failed: Only part of a ReadProcessMemory or WriteProcessMemory request was completed. (0x12B)
[0706/175747.666:ERROR:process_memory_win.cc(73)] ReadMemory at 0x227dad30fe0 of 16374 bytes failed: Only part of a ReadProcessMemory or WriteProcessMemory request was completed. (0x12B)
[0706/175747.666:ERROR:process_memory_win.cc(73)] ReadMemory at 0x227dad34fe0 of 1012 bytes failed: Only part of a ReadProcessMemory or WriteProcessMemory request was completed. (0x12B)
[0706/175747.666:ERROR:process_memory_win.cc(73)] ReadMemory at 0x227dad35608 of 118 bytes failed: Only part of a ReadProcessMemory or WriteProcessMemory request was completed. (0x12B)
[0706/175747.690:ERROR:process_memory_win.cc(73)] ReadMemory at 0x227dad35680 of 956 bytes failed: Only part of a ReadProcessMemory or WriteProcessMemory request was completed. (0x12B)
[0706/175747.691:ERROR:process_memory_win.cc(73)] ReadMemory at 0x227dad35a3e of 118 bytes failed: Only part of a ReadProcessMemory or WriteProcessMemory request was completed. (0x12B)
[0706/175747.691:ERROR:process_memory_win.cc(73)] ReadMemory at 0x227dad35ab6 of 96 bytes failed: Only part of a ReadProcessMemory or WriteProcessMemory request was completed. (0x12B)
[0706/175747.691:ERROR:process_memory_win.cc(73)] ReadMemory at 0x227dad35b30 of 58 bytes failed: Only part of a ReadProcessMemory or WriteProcessMemory request was completed. (0x12B)
[0706/175747.691:ERROR:process_memory_win.cc(73)] ReadMemory at 0x227dad35c30 of 132 bytes failed: Only part of a ReadProcessMemory or WriteProcessMemory request was completed. (0x12B)
[0706/175747.691:ERROR:process_memory_win.cc(73)] ReadMemory at 0x227dad35dc0 of 132 bytes failed: Only part of a ReadProcessMemory or WriteProcessMemory request was completed. (0x12B)
[0706/175747.691:ERROR:process_memory_win.cc(73)] ReadMemory at 0x227dad35f80 of 126 bytes failed: Only part of a ReadProcessMemory or WriteProcessMemory request was completed. (0x12B)
[0706/175747.714:ERROR:process_memory_win.cc(73)] ReadMemory at 0x227dad36360 of 132 bytes failed: Only part of a ReadProcessMemory or WriteProcessMemory request was completed. (0x12B)
[0706/175747.733:ERROR:process_memory_win.cc(73)] ReadMemory at 0x227dad364f0 of 64 bytes failed: Only part of a ReadProcessMemory or WriteProcessMemory request was completed. (0x12B)
[0706/175747.733:ERROR:process_memory_win.cc(73)] ReadMemory at 0x227dad36950 of 132 bytes failed: Only part of a ReadProcessMemory or WriteProcessMemory request was completed. (0x12B)
[0706/175747.733:ERROR:process_memory_win.cc(73)] ReadMemory at 0x227dad36ae0 of 68 bytes failed: Only part of a ReadProcessMemory or WriteProcessMemory request was completed. (0x12B)
[0706/175747.894:ERROR:process_memory_win.cc(73)] ReadMemory at 0x227dad37a20 of 132 bytes failed: Only part of a ReadProcessMemory or WriteProcessMemory request was completed. (0x12B)
[0706/175747.908:ERROR:process_memory_win.cc(73)] ReadMemory at 0x227dad37b50 of 132 bytes failed: Only part of a ReadProcessMemory or WriteProcessMemory request was completed. (0x12B)
[0706/175747.930:ERROR:process_memory_win.cc(73)] ReadMemory at 0x227dad37c50 of 512 bytes failed: Only part of a ReadProcessMemory or WriteProcessMemory request was completed. (0x12B)
[0706/175747.930:ERROR:process_memory_win.cc(73)] ReadMemory at 0x227dad38060 of 132 bytes failed: Only part of a ReadProcessMemory or WriteProcessMemory request was completed. (0x12B)
[0706/175747.930:ERROR:process_memory_win.cc(73)] ReadMemory at 0x227dad381f0 of 60 bytes failed: Only part of a ReadProcessMemory or WriteProcessMemory request was completed. (0x12B)
[0706/175747.930:ERROR:process_memory_win.cc(73)] ReadMemory at 0x227dad38240 of 158 bytes failed: Only part of a ReadProcessMemory or WriteProcessMemory request was completed. (0x12B)
[0706/175748.074:ERROR:process_memory_win.cc(73)] ReadMemory at 0x227dad38440 of 132 bytes failed: Only part of a ReadProcessMemory or WriteProcessMemory request was completed. (0x12B)
[0706/175748.074:ERROR:process_memory_win.cc(73)] ReadMemory at 0x227dad385d0 of 64 bytes failed: Only part of a ReadProcessMemory or WriteProcessMemory request was completed. (0x12B)
[0706/175748.074:ERROR:process_memory_win.cc(73)] ReadMemory at 0x227dad38850 of 132 bytes failed: Only part of a ReadProcessMemory or WriteProcessMemory request was completed. (0x12B)
[0706/175748.094:ERROR:process_memory_win.cc(73)] ReadMemory at 0x227dad389e0 of 64 bytes failed: Only part of a ReadProcessMemory or WriteProcessMemory request was completed. (0x12B)
[0706/175748.094:ERROR:process_memory_win.cc(73)] ReadMemory at 0x227dad38c40 of 132 bytes failed: Only part of a ReadProcessMemory or WriteProcessMemory request was completed. (0x12B)
[0706/175748.094:ERROR:process_memory_win.cc(73)] ReadMemory at 0x227dad38dd0 of 60 bytes failed: Only part of a ReadProcessMemory or WriteProcessMemory request was completed. (0x12B)
[0706/175748.094:ERROR:process_memory_win.cc(73)] ReadMemory at 0x227dad390e0 of 132 bytes failed: Only part of a ReadProcessMemory or WriteProcessMemory request was completed. (0x12B)
[0706/175748.104:ERROR:process_memory_win.cc(73)] ReadMemory at 0x227dad39270 of 60 bytes failed: Only part of a ReadProcessMemory or WriteProcessMemory request was completed. (0x12B)
[0706/175748.104:ERROR:process_memory_win.cc(73)] ReadMemory at 0x227dad394b0 of 132 bytes failed: Only part of a ReadProcessMemory or WriteProcessMemory request was completed. (0x12B)
[0706/175748.104:ERROR:process_memory_win.cc(73)] ReadMemory at 0x227dad39640 of 62 bytes failed: Only part of a ReadProcessMemory or WriteProcessMemory request was completed. (0x12B)
[0706/175748.104:ERROR:process_memory_win.cc(73)] ReadMemory at 0x227dad399c0 of 132 bytes failed: Only part of a ReadProcessMemory or WriteProcessMemory request was completed. (0x12B)
[0706/175748.128:ERROR:process_memory_win.cc(73)] ReadMemory at 0x227dad39b50 of 80 bytes failed: Only part of a ReadProcessMemory or WriteProcessMemory request was completed. (0x12B)
[0706/175748.128:ERROR:process_memory_win.cc(73)] ReadMemory at 0x227dad3c190 of 132 bytes failed: Only part of a ReadProcessMemory or WriteProcessMemory request was completed. (0x12B)
[0706/175748.149:ERROR:process_memory_win.cc(73)] ReadMemory at 0x227dad3c4f0 of 76 bytes failed: Only part of a ReadProcessMemory or WriteProcessMemory request was completed. (0x12B)
[0706/175748.230:ERROR:process_memory_win.cc(73)] ReadMemory at 0x227dad3c6d0 of 78 bytes failed: Only part of a ReadProcessMemory or WriteProcessMemory request was completed. (0x12B)
[0706/175748.268:ERROR:process_memory_win.cc(73)] ReadMemory at 0x227dad3d710 of 132 bytes failed: Only part of a ReadProcessMemory or WriteProcessMemory request was completed. (0x12B)
[0706/175748.327:ERROR:process_memory_win.cc(73)] ReadMemory at 0x227dad3d840 of 66 bytes failed: Only part of a ReadProcessMemory or WriteProcessMemory request was completed. (0x12B)
[0706/175748.327:ERROR:process_memory_win.cc(73)] ReadMemory at 0x227dad3da80 of 132 bytes failed: Only part of a ReadProcessMemory or WriteProcessMemory request was completed. (0x12B)
[0706/175748.367:ERROR:process_memory_win.cc(73)] ReadMemory at 0x227dad3dbb0 of 62 bytes failed: Only part of a ReadProcessMemory or WriteProcessMemory request was completed. (0x12B)
[0706/175748.367:ERROR:process_memory_win.cc(73)] ReadMemory at 0x227dad3de10 of 132 bytes failed: Only part of a ReadProcessMemory or WriteProcessMemory request was completed. (0x12B)
[0706/175748.367:ERROR:process_memory_win.cc(73)] ReadMemory at 0x227dad3df40 of 64 bytes failed: Only part of a ReadProcessMemory or WriteProcessMemory request was completed. (0x12B)
[0706/175748.405:ERROR:process_memory_win.cc(73)] ReadMemory at 0x227dad3e1d0 of 132 bytes failed: Only part of a ReadProcessMemory or WriteProcessMemory request was completed. (0x12B)
[0706/175748.406:ERROR:process_memory_win.cc(73)] ReadMemory at 0x227dad3e300 of 132 bytes failed: Only part of a ReadProcessMemory or WriteProcessMemory request was completed. (0x12B)
[0706/175748.452:ERROR:process_memory_win.cc(73)] ReadMemory at 0x227dad3e430 of 132 bytes failed: Only part of a ReadProcessMemory or WriteProcessMemory request was completed. (0x12B)
[0706/175748.452:ERROR:process_memory_win.cc(73)] ReadMemory at 0x227dad3e560 of 132 bytes failed: Only part of a ReadProcessMemory or WriteProcessMemory request was completed. (0x12B)
[0706/175748.452:ERROR:process_memory_win.cc(73)] ReadMemory at 0x227dad3e690 of 132 bytes failed: Only part of a ReadProcessMemory or WriteProcessMemory request was completed. (0x12B)
[0706/175748.452:ERROR:process_memory_win.cc(73)] ReadMemory at 0x227dad3e7c0 of 132 bytes failed: Only part of a ReadProcessMemory or WriteProcessMemory request was completed. (0x12B)
[0706/175748.452:ERROR:process_memory_win.cc(73)] ReadMemory at 0x227dad3e8f0 of 132 bytes failed: Only part of a ReadProcessMemory or WriteProcessMemory request was completed. (0x12B)
[0706/175748.738:ERROR:process_memory_win.cc(73)] ReadMemory at 0x227dad3ea20 of 132 bytes failed: Only part of a ReadProcessMemory or WriteProcessMemory request was completed. (0x12B)
[0706/175748.739:ERROR:process_memory_win.cc(73)] ReadMemory at 0x227dad3eb50 of 132 bytes failed: Only part of a ReadProcessMemory or WriteProcessMemory request was completed. (0x12B)
[0706/175748.739:ERROR:process_memory_win.cc(73)] ReadMemory at 0x227dad3ec80 of 132 bytes failed: Only part of a ReadProcessMemory or WriteProcessMemory request was completed. (0x12B)
[0706/175748.739:ERROR:process_memory_win.cc(73)] ReadMemory at 0x227dad3edb0 of 132 bytes failed: Only part of a ReadProcessMemory or WriteProcessMemory request was completed. (0x12B)
[0706/175748.739:ERROR:process_memory_win.cc(73)] ReadMemory at 0x227dad3eee0 of 132 bytes failed: Only part of a ReadProcessMemory or WriteProcessMemory request was completed. (0x12B)
[0706/175748.740:ERROR:process_memory_win.cc(73)] ReadMemory at 0x227dad3f010 of 132 bytes failed: Only part of a ReadProcessMemory or WriteProcessMemory request was completed. (0x12B)
[0706/175748.740:ERROR:process_memory_win.cc(73)] ReadMemory at 0x227dad3f320 of 62 bytes failed: Only part of a ReadProcessMemory or WriteProcessMemory request was completed. (0x12B)
[0706/175748.757:ERROR:process_memory_win.cc(73)] ReadMemory at 0x227dad3f370 of 62 bytes failed: Only part of a ReadProcessMemory or WriteProcessMemory request was completed. (0x12B)
[0706/175748.757:ERROR:process_memory_win.cc(73)] ReadMemory at 0x227dad3f500 of 58 bytes failed: Only part of a ReadProcessMemory or WriteProcessMemory request was completed. (0x12B)
[0706/175748.757:ERROR:process_memory_win.cc(73)] ReadMemory at 0x227dad3f550 of 62 bytes failed: Only part of a ReadProcessMemory or WriteProcessMemory request was completed. (0x12B)
[0706/175748.757:ERROR:process_memory_win.cc(73)] ReadMemory at 0x227dad3f640 of 64 bytes failed: Only part of a ReadProcessMemory or WriteProcessMemory request was completed. (0x12B)
[0706/175748.758:ERROR:process_memory_win.cc(73)] ReadMemory at 0x227dad3f690 of 58 bytes failed: Only part of a ReadProcessMemory or WriteProcessMemory request was completed. (0x12B)
[0706/175748.758:ERROR:process_memory_win.cc(73)] ReadMemory at 0x227dad3f6e0 of 62 bytes failed: Only part of a ReadProcessMemory or WriteProcessMemory request was completed. (0x12B)
[0706/175748.778:ERROR:process_memory_win.cc(73)] ReadMemory at 0x227dad3f730 of 66 bytes failed: Only part of a ReadProcessMemory or WriteProcessMemory request was completed. (0x12B)
[0706/175748.778:ERROR:process_memory_win.cc(73)] ReadMemory at 0x227dad3f780 of 66 bytes failed: Only part of a ReadProcessMemory or WriteProcessMemory request was completed. (0x12B)
[0706/175748.778:ERROR:process_memory_win.cc(73)] ReadMemory at 0x227dad3f7d0 of 60 bytes failed: Only part of a ReadProcessMemory or WriteProcessMemory request was completed. (0x12B)
[0706/175748.778:ERROR:process_memory_win.cc(73)] ReadMemory at 0x227dad3f820 of 60 bytes failed: Only part of a ReadProcessMemory or WriteProcessMemory request was completed. (0x12B)
[0706/175748.778:ERROR:process_memory_win.cc(73)] ReadMemory at 0x227dad3f870 of 62 bytes failed: Only part of a ReadProcessMemory or WriteProcessMemory request was completed. (0x12B)
[0706/175748.778:ERROR:process_memory_win.cc(73)] ReadMemory at 0x227dad3f910 of 66 bytes failed: Only part of a ReadProcessMemory or WriteProcessMemory request was completed. (0x12B)
[0706/175748.778:ERROR:process_memory_win.cc(73)] ReadMemory at 0x227dad40ff0 of 246 bytes failed: Only part of a ReadProcessMemory or WriteProcessMemory request was completed. (0x12B)
[0706/175748.778:ERROR:process_memory_win.cc(73)] ReadMemory at 0x227dad413b0 of 154 bytes failed: Only part of a ReadProcessMemory or WriteProcessMemory request was completed. (0x12B)
[0706/175748.778:ERROR:process_memory_win.cc(73)] ReadMemory at 0x227dad44940 of 132 bytes failed: Only part of a ReadProcessMemory or WriteProcessMemory request was completed. (0x12B)
[0706/175748.778:ERROR:process_memory_win.cc(73)] ReadMemory at 0x227dad44a70 of 132 bytes failed: Only part of a ReadProcessMemory or WriteProcessMemory request was completed. (0x12B)
[0706/175748.778:ERROR:process_memory_win.cc(73)] ReadMemory at 0x227dad44ba0 of 132 bytes failed: Only part of a ReadProcessMemory or WriteProcessMemory request was completed. (0x12B)
[0706/175748.854:ERROR:process_memory_win.cc(73)] ReadMemory at 0x227dad44cd0 of 132 bytes failed: Only part of a ReadProcessMemory or WriteProcessMemory request was completed. (0x12B)
[0706/175748.854:ERROR:process_memory_win.cc(73)] ReadMemory at 0x227dad44e00 of 132 bytes failed: Only part of a ReadProcessMemory or WriteProcessMemory request was completed. (0x12B)
[0706/175748.854:ERROR:process_memory_win.cc(73)] ReadMemory at 0x227dad44f30 of 132 bytes failed: Only part of a ReadProcessMemory or WriteProcessMemory request was completed. (0x12B)
[0706/175748.854:ERROR:process_memory_win.cc(73)] ReadMemory at 0x227dad45060 of 132 bytes failed: Only part of a ReadProcessMemory or WriteProcessMemory request was completed. (0x12B)
[0706/175748.855:ERROR:process_memory_win.cc(73)] ReadMemory at 0x227dad45190 of 132 bytes failed: Only part of a ReadProcessMemory or WriteProcessMemory request was completed. (0x12B)
[0706/175748.855:ERROR:process_memory_win.cc(73)] ReadMemory at 0x227dad452c0 of 132 bytes failed: Only part of a ReadProcessMemory or WriteProcessMemory request was completed. (0x12B)
[0706/175748.855:ERROR:process_memory_win.cc(73)] ReadMemory at 0x227dad453f0 of 132 bytes failed: Only part of a ReadProcessMemory or WriteProcessMemory request was completed. (0x12B)
[0706/175748.855:ERROR:process_memory_win.cc(73)] ReadMemory at 0x227dad45520 of 132 bytes failed: Only part of a ReadProcessMemory or WriteProcessMemory request was completed. (0x12B)
[0706/175748.855:ERROR:process_memory_win.cc(73)] ReadMemory at 0x227dad45650 of 132 bytes failed: Only part of a ReadProcessMemory or WriteProcessMemory request was completed. (0x12B)
[0706/175748.856:ERROR:process_memory_win.cc(73)] ReadMemory at 0x227dad45780 of 132 bytes failed: Only part of a ReadProcessMemory or WriteProcessMemory request was completed. (0x12B)
[0706/175748.856:ERROR:process_memory_win.cc(73)] ReadMemory at 0x227dad458b0 of 132 bytes failed: Only part of a ReadProcessMemory or WriteProcessMemory request was completed. (0x12B)
[0706/175748.875:ERROR:process_memory_win.cc(73)] ReadMemory at 0x227dad459e0 of 132 bytes failed: Only part of a ReadProcessMemory or WriteProcessMemory request was completed. (0x12B)
[0706/175748.875:ERROR:process_memory_win.cc(73)] ReadMemory at 0x227dad45b10 of 132 bytes failed: Only part of a ReadProcessMemory or WriteProcessMemory request was completed. (0x12B)
[0706/175749.148:ERROR:process_memory_win.cc(73)] ReadMemory at 0x227dad45d70 of 132 bytes failed: Only part of a ReadProcessMemory or WriteProcessMemory request was completed. (0x12B)
[0706/175749.148:ERROR:process_memory_win.cc(73)] ReadMemory at 0x227dad45ea0 of 132 bytes failed: Only part of a ReadProcessMemory or WriteProcessMemory request was completed. (0x12B)
[0706/175749.148:ERROR:process_memory_win.cc(73)] ReadMemory at 0x227dad45fd0 of 132 bytes failed: Only part of a ReadProcessMemory or WriteProcessMemory request was completed. (0x12B)
[0706/175749.216:ERROR:process_memory_win.cc(73)] ReadMemory at 0x227dad46100 of 132 bytes failed: Only part of a ReadProcessMemory or WriteProcessMemory request was completed. (0x12B)
[0706/175749.216:ERROR:process_memory_win.cc(73)] ReadMemory at 0x227dad46230 of 132 bytes failed: Only part of a ReadProcessMemory or WriteProcessMemory request was completed. (0x12B)
[0706/175749.217:ERROR:process_memory_win.cc(73)] ReadMemory at 0x227dad46360 of 132 bytes failed: Only part of a ReadProcessMemory or WriteProcessMemory request was completed. (0x12B)
[0706/175749.217:ERROR:process_memory_win.cc(73)] ReadMemory at 0x227dad46490 of 132 bytes failed: Only part of a ReadProcessMemory or WriteProcessMemory request was completed. (0x12B)
[0706/175749.217:ERROR:process_memory_win.cc(73)] ReadMemory at 0x227dad465c0 of 132 bytes failed: Only part of a ReadProcessMemory or WriteProcessMemory request was completed. (0x12B)
[0706/175749.257:ERROR:process_memory_win.cc(73)] ReadMemory at 0x227dad466f0 of 132 bytes failed: Only part of a ReadProcessMemory or WriteProcessMemory request was completed. (0x12B)
[0706/175749.257:ERROR:process_memory_win.cc(73)] ReadMemory at 0x227dad46950 of 80 bytes failed: Only part of a ReadProcessMemory or WriteProcessMemory request was completed. (0x12B)
[0706/175749.257:ERROR:process_memory_win.cc(73)] ReadMemory at 0x227dad4a480 of 58 bytes failed: Only part of a ReadProcessMemory or WriteProcessMemory request was completed. (0x12B)
[0706/175749.257:ERROR:process_memory_win.cc(73)] ReadMemory at 0x227dad52530 of 54 bytes failed: Only part of a ReadProcessMemory or WriteProcessMemory request was completed. (0x12B)
[0706/175749.257:ERROR:process_memory_win.cc(73)] ReadMemory at 0x227dad59220 of 64 bytes failed: Only part of a ReadProcessMemory or WriteProcessMemory request was completed. (0x12B)
[0706/175749.257:ERROR:process_memory_win.cc(73)] ReadMemory at 0x227dad592c0 of 60 bytes failed: Only part of a ReadProcessMemory or WriteProcessMemory request was completed. (0x12B)
[0706/175749.257:ERROR:process_memory_win.cc(73)] ReadMemory at 0x227dad593b0 of 62 bytes failed: Only part of a ReadProcessMemory or WriteProcessMemory request was completed. (0x12B)
[0706/175749.258:ERROR:process_memory_win.cc(73)] ReadMemory at 0x227dad594a0 of 56 bytes failed: Only part of a ReadProcessMemory or WriteProcessMemory request was completed. (0x12B)
[0706/175749.258:ERROR:process_memory_win.cc(73)] ReadMemory at 0x227dad594f0 of 60 bytes failed: Only part of a ReadProcessMemory or WriteProcessMemory request was completed. (0x12B)
[0706/175749.258:ERROR:process_memory_win.cc(73)] ReadMemory at 0x227dad59540 of 62 bytes failed: Only part of a ReadProcessMemory or WriteProcessMemory request was completed. (0x12B)
[0706/175749.258:ERROR:process_memory_win.cc(73)] ReadMemory at 0x227dad59630 of 62 bytes failed: Only part of a ReadProcessMemory or WriteProcessMemory request was completed. (0x12B)
[0706/175749.317:ERROR:process_memory_win.cc(73)] ReadMemory at 0x227dad596d0 of 64 bytes failed: Only part of a ReadProcessMemory or WriteProcessMemory request was completed. (0x12B)
[0706/175749.318:ERROR:process_memory_win.cc(73)] ReadMemory at 0x227dad59720 of 60 bytes failed: Only part of a ReadProcessMemory or WriteProcessMemory request was completed. (0x12B)
[0706/175749.319:ERROR:process_memory_win.cc(73)] ReadMemory at 0x227dad59770 of 64 bytes failed: Only part of a ReadProcessMemory or WriteProcessMemory request was completed. (0x12B)
[0706/175749.319:ERROR:process_memory_win.cc(73)] ReadMemory at 0x227dad597c0 of 60 bytes failed: Only part of a ReadProcessMemory or WriteProcessMemory request was completed. (0x12B)
[0706/175749.319:ERROR:process_memory_win.cc(73)] ReadMemory at 0x227dad59810 of 64 bytes failed: Only part of a ReadProcessMemory or WriteProcessMemory request was completed. (0x12B)
[0706/175749.320:ERROR:process_memory_win.cc(73)] ReadMemory at 0x227dad59860 of 64 bytes failed: Only part of a ReadProcessMemory or WriteProcessMemory request was completed. (0x12B)
[0706/175749.320:ERROR:process_memory_win.cc(73)] ReadMemory at 0x227dad59900 of 68 bytes failed: Only part of a ReadProcessMemory or WriteProcessMemory request was completed. (0x12B)
[0706/175749.320:ERROR:process_memory_win.cc(73)] ReadMemory at 0x227dad59950 of 58 bytes failed: Only part of a ReadProcessMemory or WriteProcessMemory request was completed. (0x12B)
[0706/175749.344:ERROR:process_memory_win.cc(73)] ReadMemory at 0x227dad59b30 of 60 bytes failed: Only part of a ReadProcessMemory or WriteProcessMemory request was completed. (0x12B)
[0706/175749.344:ERROR:process_memory_win.cc(73)] ReadMemory at 0x227dad59b80 of 62 bytes failed: Only part of a ReadProcessMemory or WriteProcessMemory request was completed. (0x12B)
[0706/175749.356:ERROR:process_memory_win.cc(73)] ReadMemory at 0x227dad59d10 of 62 bytes failed: Only part of a ReadProcessMemory or WriteProcessMemory request was completed. (0x12B)
[0706/175749.356:ERROR:process_memory_win.cc(73)] ReadMemory at 0x227dad59d60 of 64 bytes failed: Only part of a ReadProcessMemory or WriteProcessMemory request was completed. (0x12B)
[0706/175749.356:ERROR:process_memory_win.cc(73)] ReadMemory at 0x227dad59db0 of 64 bytes failed: Only part of a ReadProcessMemory or WriteProcessMemory request was completed. (0x12B)
[0706/175749.356:ERROR:process_memory_win.cc(73)] ReadMemory at 0x227dad59ea0 of 58 bytes failed: Only part of a ReadProcessMemory or WriteProcessMemory request was completed. (0x12B)
[0706/175749.356:ERROR:process_memory_win.cc(73)] ReadMemory at 0x227dad59f40 of 62 bytes failed: Only part of a ReadProcessMemory or WriteProcessMemory request was completed. (0x12B)
[0706/175750.014:ERROR:process_memory_win.cc(73)] ReadMemory at 0x227dad5a030 of 60 bytes failed: Only part of a ReadProcessMemory or WriteProcessMemory request was completed. (0x12B)
[0706/175750.015:ERROR:process_memory_win.cc(73)] ReadMemory at 0x227dad5a080 of 64 bytes failed: Only part of a ReadProcessMemory or WriteProcessMemory request was completed. (0x12B)
[0706/175750.015:ERROR:process_memory_win.cc(73)] ReadMemory at 0x227dad5caf0 of 132 bytes failed: Only part of a ReadProcessMemory or WriteProcessMemory request was completed. (0x12B)
[0706/175750.050:ERROR:process_memory_win.cc(73)] ReadMemory at 0x227dad5cc20 of 132 bytes failed: Only part of a ReadProcessMemory or WriteProcessMemory request was completed. (0x12B)
[0706/175750.050:ERROR:process_memory_win.cc(73)] ReadMemory at 0x227dad5ce80 of 132 bytes failed: Only part of a ReadProcessMemory or WriteProcessMemory request was completed. (0x12B)
[0706/175750.050:ERROR:process_memory_win.cc(73)] ReadMemory at 0x227dad5ddf0 of 132 bytes failed: Only part of a ReadProcessMemory or WriteProcessMemory request was completed. (0x12B)
[0706/175750.050:ERROR:process_memory_win.cc(73)] ReadMemory at 0x227dad5e180 of 132 bytes failed: Only part of a ReadProcessMemory or WriteProcessMemory request was completed. (0x12B)
[0706/175750.051:ERROR:process_memory_win.cc(73)] ReadMemory at 0x227dad73ef0 of 512 bytes failed: Only part of a ReadProcessMemory or WriteProcessMemory request was completed. (0x12B)
[0706/175750.063:ERROR:process_memory_win.cc(73)] ReadMemory at 0x227db3d8c18 of 512 bytes failed: Only part of a ReadProcessMemory or WriteProcessMemory request was completed. (0x12B)
[0706/175750.253:ERROR:process_memory_win.cc(73)] ReadMemory at 0x227db3f30d0 of 512 bytes failed: Only part of a ReadProcessMemory or WriteProcessMemory request was completed. (0x12B)
[0706/175750.253:ERROR:process_memory_win.cc(73)] ReadMemory at 0x227db410cf0 of 512 bytes failed: Only part of a ReadProcessMemory or WriteProcessMemory request was completed. (0x12B)
[0706/175750.254:ERROR:process_memory_win.cc(73)] ReadMemory at 0x227db41d4a0 of 712 bytes failed: Only part of a ReadProcessMemory or WriteProcessMemory request was completed. (0x12B)
[0706/175750.254:ERROR:process_memory_win.cc(73)] ReadMemory at 0x227db426320 of 512 bytes failed: Only part of a ReadProcessMemory or WriteProcessMemory request was completed. (0x12B)
[0706/175750.255:ERROR:process_memory_win.cc(73)] ReadMemory at 0x227db49d400 of 512 bytes failed: Only part of a ReadProcessMemory or WriteProcessMemory request was completed. (0x12B)
[0706/175750.255:ERROR:process_memory_win.cc(73)] ReadMemory at 0x227dd1fe540 of 512 bytes failed: Only part of a ReadProcessMemory or WriteProcessMemory request was completed. (0x12B)
[0706/175750.255:ERROR:process_memory_win.cc(73)] ReadMemory at 0x227dd20e570 of 512 bytes failed: Only part of a ReadProcessMemory or WriteProcessMemory request was completed. (0x12B)
[0706/175750.255:ERROR:process_memory_win.cc(73)] ReadMemory at 0x227dd20e9a8 of 520 bytes failed: Only part of a ReadProcessMemory or WriteProcessMemory request was completed. (0x12B)
[0706/175750.256:ERROR:process_memory_win.cc(73)] ReadMemory at 0x227dd2599c0 of 1040 bytes failed: Only part of a ReadProcessMemory or WriteProcessMemory request was completed. (0x12B)
[0706/175750.256:ERROR:process_memory_win.cc(73)] ReadMemory at 0x227dd644e00 of 512 bytes failed: Only part of a ReadProcessMemory or WriteProcessMemory request was completed. (0x12B)
[0706/175750.256:ERROR:process_memory_win.cc(73)] ReadMemory at 0x227dd8d3e70 of 512 bytes failed: Only part of a ReadProcessMemory or WriteProcessMemory request was completed. (0x12B)
[0706/175750.257:ERROR:process_memory_win.cc(73)] ReadMemory at 0x4f3822ff5b0 of 512 bytes failed: Only part of a ReadProcessMemory or WriteProcessMemory request was completed. (0x12B)
[0706/175750.257:ERROR:process_memory_win.cc(73)] ReadMemory at 0xd5146d65680 of 512 bytes failed: Only part of a ReadProcessMemory or WriteProcessMemory request was completed. (0x12B)
[0706/175750.258:ERROR:process_memory_win.cc(73)] ReadMemory at 0xd5146d7ff80 of 128 bytes failed: Only part of a ReadProcessMemory or WriteProcessMemory request was completed. (0x12B)
[0706/175750.258:ERROR:process_memory_win.cc(73)] ReadMemory at 0xe907b4fe969 of 519 bytes failed: Only part of a ReadProcessMemory or WriteProcessMemory request was completed. (0x12B)
[0706/175750.259:ERROR:process_memory_win.cc(73)] ReadMemory at 0x22987c233f80 of 512 bytes failed: Only part of a ReadProcessMemory or WriteProcessMemory request was completed. (0x12B)
[0706/175750.259:ERROR:process_memory_win.cc(73)] ReadMemory at 0x23ea629f8a59 of 512 bytes failed: Only part of a ReadProcessMemory or WriteProcessMemory request was completed. (0x12B)
[0706/175750.260:ERROR:process_memory_win.cc(73)] ReadMemory at 0x3728c9a40000 of 384 bytes failed: Only part of a ReadProcessMemory or WriteProcessMemory request was completed. (0x12B)
[0706/175750.260:ERROR:process_memory_win.cc(73)] ReadMemory at 0x3728c9a5adb9 of 512 bytes failed: Only part of a ReadProcessMemory or WriteProcessMemory request was completed. (0x12B)
[0706/175750.260:ERROR:process_memory_win.cc(73)] ReadMemory at 0x3f13d5b6ff68 of 513 bytes failed: Only part of a ReadProcessMemory or WriteProcessMemory request was completed. (0x12B)
[0706/175750.261:ERROR:process_memory_win.cc(73)] ReadMemory at 0x3f13d5b701d1 of 512 bytes failed: Only part of a ReadProcessMemory or WriteProcessMemory request was completed. (0x12B)
[0706/175750.261:ERROR:process_memory_win.cc(73)] ReadMemory at 0x51b2b0ac0000 of 384 bytes failed: Only part of a ReadProcessMemory or WriteProcessMemory request was completed. (0x12B)
[0706/175750.261:ERROR:process_memory_win.cc(73)] ReadMemory at 0x51b2b0afca20 of 512 bytes failed: Only part of a ReadProcessMemory or WriteProcessMemory request was completed. (0x12B)
[0706/175750.261:ERROR:process_memory_win.cc(73)] ReadMemory at 0x7ffbe2a593cd of 512 bytes failed: Only part of a ReadProcessMemory or WriteProcessMemory request was completed. (0x12B)
[0706/175750.480:ERROR:process_memory_win.cc(73)] ReadMemory at 0x7ffbe2a5d03e of 512 bytes failed: Only part of a ReadProcessMemory or WriteProcessMemory request was completed. (0x12B)
[0706/175750.480:ERROR:process_memory_win.cc(73)] ReadMemory at 0x7ffbe6d7f2ec of 512 bytes failed: Only part of a ReadProcessMemory or WriteProcessMemory request was completed. (0x12B)
[0706/175750.481:ERROR:process_memory_win.cc(73)] ReadMemory at 0x7ffbe6dcb3e2 of 512 bytes failed: Only part of a ReadProcessMemory or WriteProcessMemory request was completed. (0x12B)
[0706/175750.481:ERROR:process_memory_win.cc(73)] ReadMemory at 0x7ffc1fd5583a of 512 bytes failed: Only part of a ReadProcessMemory or WriteProcessMemory request was completed. (0x12B)
[0706/175750.581:ERROR:process_memory_win.cc(73)] ReadMemory at 0x7ffc1fd56091 of 512 bytes failed: Only part of a ReadProcessMemory or WriteProcessMemory request was completed. (0x12B)
[0706/175750.692:ERROR:process_memory_win.cc(73)] ReadMemory at 0x7ffc3e0c21f0 of 512 bytes failed: Only part of a ReadProcessMemory or WriteProcessMemory request was completed. (0x12B)
[0706/175750.693:ERROR:process_memory_win.cc(73)] ReadMemory at 0x7ffc3e2df764 of 672 bytes failed: Only part of a ReadProcessMemory or WriteProcessMemory request was completed. (0x12B)
[0706/175750.693:ERROR:process_memory_win.cc(73)] ReadMemory at 0x7ffc3e2e2ff4 of 608 bytes failed: Only part of a ReadProcessMemory or WriteProcessMemory request was completed. (0x12B)
[0706/175750.725:ERROR:process_memory_win.cc(73)] ReadMemory at 0x7ffc3e36c0c8 of 18 bytes failed: Only part of a ReadProcessMemory or WriteProcessMemory request was completed. (0x12B)
[0706/175750.725:ERROR:process_memory_win.cc(73)] ReadMemory at 0x7ffc3e39f4f8 of 40 bytes failed: Only part of a ReadProcessMemory or WriteProcessMemory request was completed. (0x12B)
[0706/175750.725:ERROR:process_memory_win.cc(73)] ReadMemory at 0x7ffc3e39f978 of 48 bytes failed: Only part of a ReadProcessMemory or WriteProcessMemory request was completed. (0x12B)
[0706/175750.725:ERROR:process_memory_win.cc(73)] ReadMemory at 0x7ffc3e3a53c0 of 64 bytes failed: Only part of a ReadProcessMemory or WriteProcessMemory request was completed. (0x12B)
[0706/175750.796:ERROR:scoped_process_suspend.cc(40)] NtResumeProcess: An attempt was made to access an exiting process. (0xc000010a)
